
2023-08-24 22:34:15,977 Downloading artifact
[34m[1mwandb[39m[22m: [32m[41mERROR[39m[49m Project f3bolarinwa/nyc_airbnb does not contain artifact: "sample.csv:latest"
Traceback (most recent call last):
  File "/Users/femibolarinwa_comp/miniconda3/envs/mlflow-1d76e6d7f4d8348ef4f6ec73fedabbe4f91af82a/lib/python3.9/site-packages/wandb/apis/normalize.py", line 24, in wrapper
    return func(*args, **kwargs)
  File "/Users/femibolarinwa_comp/miniconda3/envs/mlflow-1d76e6d7f4d8348ef4f6ec73fedabbe4f91af82a/lib/python3.9/site-packages/wandb/apis/public.py", line 557, in artifact
    artifact = Artifact(self.client, entity, project, artifact_name)
  File "/Users/femibolarinwa_comp/miniconda3/envs/mlflow-1d76e6d7f4d8348ef4f6ec73fedabbe4f91af82a/lib/python3.9/site-packages/wandb/apis/public.py", line 2759, in __init__
    self._load()
  File "/Users/femibolarinwa_comp/miniconda3/envs/mlflow-1d76e6d7f4d8348ef4f6ec73fedabbe4f91af82a/lib/python3.9/site-packages/wandb/apis/public.py", line 3243, in _load
    raise ValueError(
ValueError: Project f3bolarinwa/nyc_airbnb does not contain artifact: "sample.csv:latest"
During handling of the above exception, another exception occurred:
Traceback (most recent call last):
  File "/Users/femibolarinwa_comp/Downloads/Udacity/MLOps Engineer/2-Building a Reproducible Model Workflow/build-ml-pipeline-for-short-term-rental-prices/src/basic_cleaning/run.py", line 111, in <module>
    go(args)
  File "/Users/femibolarinwa_comp/Downloads/Udacity/MLOps Engineer/2-Building a Reproducible Model Workflow/build-ml-pipeline-for-short-term-rental-prices/src/basic_cleaning/run.py", line 33, in go
    artifact = run.use_artifact(args.input_artifact)
  File "/Users/femibolarinwa_comp/miniconda3/envs/mlflow-1d76e6d7f4d8348ef4f6ec73fedabbe4f91af82a/lib/python3.9/site-packages/wandb/sdk/wandb_run.py", line 2021, in use_artifact
    artifact = public_api.artifact(type=type, name=name)
  File "/Users/femibolarinwa_comp/miniconda3/envs/mlflow-1d76e6d7f4d8348ef4f6ec73fedabbe4f91af82a/lib/python3.9/site-packages/wandb/apis/normalize.py", line 62, in wrapper
    six.reraise(CommError, CommError(message, err), sys.exc_info()[2])
  File "/Users/femibolarinwa_comp/miniconda3/envs/mlflow-1d76e6d7f4d8348ef4f6ec73fedabbe4f91af82a/lib/python3.9/site-packages/six.py", line 718, in reraise
    raise value.with_traceback(tb)
  File "/Users/femibolarinwa_comp/miniconda3/envs/mlflow-1d76e6d7f4d8348ef4f6ec73fedabbe4f91af82a/lib/python3.9/site-packages/wandb/apis/normalize.py", line 24, in wrapper
    return func(*args, **kwargs)
  File "/Users/femibolarinwa_comp/miniconda3/envs/mlflow-1d76e6d7f4d8348ef4f6ec73fedabbe4f91af82a/lib/python3.9/site-packages/wandb/apis/public.py", line 557, in artifact
    artifact = Artifact(self.client, entity, project, artifact_name)
  File "/Users/femibolarinwa_comp/miniconda3/envs/mlflow-1d76e6d7f4d8348ef4f6ec73fedabbe4f91af82a/lib/python3.9/site-packages/wandb/apis/public.py", line 2759, in __init__
    self._load()
  File "/Users/femibolarinwa_comp/miniconda3/envs/mlflow-1d76e6d7f4d8348ef4f6ec73fedabbe4f91af82a/lib/python3.9/site-packages/wandb/apis/public.py", line 3243, in _load
    raise ValueError(
wandb.errors.CommError: Project f3bolarinwa/nyc_airbnb does not contain artifact: "sample.csv:latest"